<?xml version="1.0" encoding="UTF-8"?>
<!-- Generated by org.testng.reporters.JUnitXMLReporter -->
<testsuite ignored="0" hostname="S081" failures="1" tests="4" name="Test" time="58.268" errors="0" timestamp="2022-04-04T21:31:40 IST">
  <testcase classname="E2EProjectOne.ValidateNavigationBar" name="ValidateNavigation" time="0.034"/>
  <testcase classname="E2EProjectOne.ValidateTitle" name="homePageNavigation" time="0.03">
    <failure type="java.lang.AssertionError" message="expected [FEATURED COURSES123] but found [FEATURED COURSES]">
      <![CDATA[java.lang.AssertionError: expected [FEATURED COURSES123] but found [FEATURED COURSES]
at E2EProjectOne.ValidateTitle.homePageNavigation(ValidateTitle.java:29)
at java.base/java.util.ArrayList.forEach(ArrayList.java:1511)
... Removed 33 stack frames]]>
    </failure>
  </testcase> <!-- homePageNavigation -->
  <testcase classname="E2EProjectOne.Homepage" name="homePageNavigation" time="12.534"/>
  <testcase classname="E2EProjectOne.Homepage" name="homePageNavigation" time="1.572"/>
</testsuite> <!-- Test -->
